\BOOKMARK [1][-]{section.1}{\376\377\000B\000i\000o\000g\000r\000a\000p\000h\000i\000c\000a\000l\000\040\000a\000n\000d\000\040\000P\000e\000r\000s\000o\000n\000a\000l\000\040\000D\000o\000c\000u\000m\000e\000n\000t\000s}{}% 1
\BOOKMARK [2][-]{subsection.1.1}{\376\377\000A\000M\000T\000-\000A\000-\0001}{section.1}% 2
\BOOKMARK [3][-]{subsubsection.1.1.1}{\376\377\000K\000i\000n\000g\000s\000\040\000R\000e\000p\000o\000r\000t\000a\000m\000t\000-\000a\000-\0001\000-\000k\000i\000n\000g\000s}{subsection.1.1}% 3
\BOOKMARK [3][-]{subsubsection.1.1.2}{\376\377\000M\000a\000n\000c\000h\000e\000s\000t\000e\000r\000\040\000G\000u\000a\000r\000d\000i\000a\000n\000\040\0001\0009\0005\0007\000a\000m\000t\000-\000a\000-\0001\000-\000m\000a\000n\000c\000h\000e\000s\000t\000e\000r\0005\0007}{subsection.1.1}% 4
\BOOKMARK [3][-]{subsubsection.1.1.3}{\376\377\000M\000a\000n\000c\000h\000e\000s\000t\000e\000r\000\040\000G\000u\000a\000r\000d\000i\000a\000n\000\040\000O\000b\000i\000t\000u\000a\000r\000y\000\040\000\050\0001\0009\0005\0004\000/\0000\0006\000/\0001\0000\000\051}{subsection.1.1}% 5
\BOOKMARK [3][-]{subsubsection.1.1.4}{\376\377\000M\000a\000n\000c\000h\000e\000s\000t\000e\000r\000\040\000G\000u\000a\000r\000d\000i\000a\000n\000\040\000A\000p\000p\000r\000e\000c\000i\000a\000t\000i\000o\000n\000\040\000b\000y\000\040\000M\000.\000H\000.\000A\000.\000N\000.}{subsection.1.1}% 6
\BOOKMARK [2][-]{subsection.1.2}{}{section.1}% 7
\BOOKMARK [2][-]{subsection.1.3}{}{section.1}% 8
\BOOKMARK [1][-]{section.2}{\376\377\000P\000u\000b\000l\000i\000c\000a\000t\000i\000o\000n\000s\000,\000\040\000L\000e\000c\000t\000u\000r\000e\000s\000,\000\040\000a\000n\000d\000\040\000T\000a\000l\000k\000s}{}% 9
\BOOKMARK [1][-]{section.3}{\376\377\000U\000n\000p\000u\000b\000l\000i\000s\000h\000e\000d\000\040\000M\000a\000n\000u\000s\000c\000r\000i\000p\000t\000s\000\040\000a\000n\000d\000\040\000D\000r\000a\000f\000t\000s}{}% 10
\BOOKMARK [1][-]{section.4}{\376\377\000C\000o\000r\000r\000e\000s\000p\000o\000n\000d\000e\000n\000c\000e}{}% 11
\BOOKMARK [2][-]{subsection.4.1}{\376\377\000L\000e\000t\000t\000e\000r\000s\000\040\000t\000o\000\040\000M\000o\000t\000h\000e\000r}{section.4}% 12
\BOOKMARK [3][-]{subsubsection.4.1.1}{}{subsection.4.1}% 13
\BOOKMARK [3][-]{subsubsection.4.1.2}{\376\377\000M\000a\000r\000c\000h\000\040\0001\0005\000,\000\040\0001\0009\0003\0007}{subsection.4.1}% 14
\BOOKMARK [3][-]{subsubsection.4.1.3}{\376\377\000M\000a\000r\000c\000h\000\040\0002\0009\000,\000\040\0001\0009\0003\0007}{subsection.4.1}% 15
\BOOKMARK [3][-]{subsubsection.4.1.4}{\376\377\000H\000a\000n\000d\000w\000r\000i\000t\000t\000e\000n\000\040\000L\000e\000t\000t\000e\000r}{subsection.4.1}% 16
\BOOKMARK [2][-]{subsection.4.2}{\376\377\000L\000e\000t\000t\000e\000r\000s\000\040\000t\000o\000\040\000M\000a\000x\000\040\000N\000e\000w\000m\000a\000n}{section.4}% 17
\BOOKMARK [3][-]{subsubsection.4.2.1}{}{subsection.4.2}% 18
\BOOKMARK [3][-]{subsubsection.4.2.2}{}{subsection.4.2}% 19
\BOOKMARK [3][-]{subsubsection.4.2.3}{}{subsection.4.2}% 20
\BOOKMARK [3][-]{subsubsection.4.2.4}{}{subsection.4.2}% 21
\BOOKMARK [3][-]{subsubsection.4.2.5}{}{subsection.4.2}% 22
\BOOKMARK [3][-]{subsubsection.4.2.6}{\376\377\000D\000r\000a\000f\000t\000\040\000L\000e\000t\000t\000e\000r\000\040\000t\000o\000\040\000C\000h\000u\000r\000c\000h}{subsection.4.2}% 23
\BOOKMARK [3][-]{subsubsection.4.2.7}{\376\377\000O\000t\000h\000e\000r\000\040\000D\000r\000a\000f\000t\000\040\000t\000o\000\040\000C\000h\000u\000r\000c\000h}{subsection.4.2}% 24
\BOOKMARK [2][-]{subsection.4.3}{\376\377\000C\000o\000r\000r\000e\000s\000p\000o\000n\000d\000e\000n\000c\000e\000s\000\040\000w\000i\000t\000h\000\040\000I\000.\000J\000.\000\040\000`\000`\000J\000a\000c\000k\000'\000'\000\040\000G\000o\000o\000d}{section.4}% 25
\BOOKMARK [3][-]{subsubsection.4.3.1}{\376\377\000S\000e\000p\000t\000e\000m\000b\000e\000r\000\040\0001\0008\000,\000\040\0001\0009\0004\0008}{subsection.4.3}% 26
\BOOKMARK [3][-]{subsubsection.4.3.2}{\376\377\000S\000a\000m\000e\000\040\000a\000s\000\040\000p\000r\000i\000o\000r}{subsection.4.3}% 27
\BOOKMARK [3][-]{subsubsection.4.3.3}{\376\377\000S\000a\000m\000e\000\040\000a\000s\000\040\000p\000r\000i\000o\000r}{subsection.4.3}% 28
\BOOKMARK [3][-]{subsubsection.4.3.4}{\376\377\000J\000u\000l\000y\000\040\0002\0008\000,\000\040\0001\0009\0004\0008}{subsection.4.3}% 29
\BOOKMARK [3][-]{subsubsection.4.3.5}{\376\377\000J\000u\000l\000y\000\040\0002\0005\000,\000\040\0001\0009\0004\0008\000\040\000\050\000f\000r\000o\000m\000\040\000G\000o\000o\000d\000\040\000t\000o\000\040\000T\000u\000r\000i\000n\000g\000\051}{subsection.4.3}% 30
\BOOKMARK [2][-]{subsection.4.4}{\376\377\000C\000o\000r\000r\000e\000s\000p\000o\000n\000d\000e\000n\000c\000e\000\040\000w\000i\000t\000h\000\040\000R\000o\000b\000i\000n\000\040\000O\000.\000\040\000G\000a\000n\000d\000y}{section.4}% 31
